[debug] [2021-04-16T18:28:43.395Z] ----------------------------------------------------------------------
[debug] [2021-04-16T18:28:43.397Z] Command:       /Users/mayankkhanna/.nvm/versions/node/v14.15.4/bin/node /Users/mayankkhanna/.nvm/versions/node/v14.15.4/bin/firebase deploy --only hosting
[debug] [2021-04-16T18:28:43.397Z] CLI Version:   9.2.2
[debug] [2021-04-16T18:28:43.398Z] Platform:      darwin
[debug] [2021-04-16T18:28:43.398Z] Node Version:  v14.15.4
[debug] [2021-04-16T18:28:43.407Z] Time:          Fri Apr 16 2021 23:58:43 GMT+0530 (India Standard Time)
[debug] [2021-04-16T18:28:43.408Z] ----------------------------------------------------------------------
[debug] [2021-04-16T18:28:43.408Z] 
[debug] [2021-04-16T18:28:43.415Z] > command requires scopes: ["email","openid","https://www.googleapis.com/auth/cloudplatformprojects.readonly","https://www.googleapis.com/auth/firebase","https://www.googleapis.com/auth/cloud-platform"]
[debug] [2021-04-16T18:28:43.416Z] > authorizing via signed-in user
[debug] [2021-04-16T18:28:43.416Z] [iam] checking project mayank-khanna for permissions ["firebase.projects.get","firebasehosting.sites.update"]
[debug] [2021-04-16T18:28:43.420Z] >>> HTTP REQUEST POST https://cloudresourcemanager.googleapis.com/v1/projects/mayank-khanna:testIamPermissions  
 {"permissions":["firebase.projects.get","firebasehosting.sites.update"]}
[debug] [2021-04-16T18:28:45.208Z] <<< HTTP RESPONSE 200 {"content-type":"application/json; charset=UTF-8","vary":"X-Origin, Referer, Origin,Accept-Encoding","date":"Fri, 16 Apr 2021 18:28:45 GMT","server":"ESF","cache-control":"private","x-xss-protection":"0","x-frame-options":"SAMEORIGIN","x-content-type-options":"nosniff","server-timing":"gfet4t7; dur=1376","alt-svc":"h3-29=\":443\"; ma=2592000,h3-T051=\":443\"; ma=2592000,h3-Q050=\":443\"; ma=2592000,h3-Q046=\":443\"; ma=2592000,h3-Q043=\":443\"; ma=2592000,quic=\":443\"; ma=2592000; v=\"46,43\"","accept-ranges":"none","transfer-encoding":"chunked"}
[debug] [2021-04-16T18:28:45.211Z] > refreshing access token with scopes: []
[debug] [2021-04-16T18:28:45.211Z] >>> HTTP REQUEST POST https://www.googleapis.com/oauth2/v3/token  
 <request body omitted>
[debug] [2021-04-16T18:28:45.515Z] <<< HTTP RESPONSE 200 {"date":"Fri, 16 Apr 2021 18:28:45 GMT","cache-control":"no-cache, no-store, max-age=0, must-revalidate","expires":"Mon, 01 Jan 1990 00:00:00 GMT","pragma":"no-cache","content-type":"application/json; charset=utf-8","vary":"X-Origin, Referer, Origin,Accept-Encoding","server":"scaffolding on HTTPServer2","x-xss-protection":"0","x-frame-options":"SAMEORIGIN","x-content-type-options":"nosniff","alt-svc":"h3-29=\":443\"; ma=2592000,h3-T051=\":443\"; ma=2592000,h3-Q050=\":443\"; ma=2592000,h3-Q046=\":443\"; ma=2592000,h3-Q043=\":443\"; ma=2592000,quic=\":443\"; ma=2592000; v=\"46,43\"","accept-ranges":"none","transfer-encoding":"chunked"}
[debug] [2021-04-16T18:28:45.552Z] >>> [apiv2][query] GET https://firebase.googleapis.com/v1beta1/projects/mayank-khanna [none]
[debug] [2021-04-16T18:28:46.132Z] <<< [apiv2][status] GET https://firebase.googleapis.com/v1beta1/projects/mayank-khanna 200
[debug] [2021-04-16T18:28:46.132Z] <<< [apiv2][body] GET https://firebase.googleapis.com/v1beta1/projects/mayank-khanna {"projectId":"mayank-khanna","projectNumber":"298225488570","displayName":"mayank-khanna","name":"projects/mayank-khanna","resources":{"hostingSite":"mayank-khanna","realtimeDatabaseInstance":"mayank-khanna"},"state":"ACTIVE"}
[info] 
[info] === Deploying to 'mayank-khanna'...
[info] 
[info] i  deploying hosting 
[debug] [2021-04-16T18:28:46.136Z] > refreshing access token with scopes: ["email","https://www.googleapis.com/auth/cloud-platform","https://www.googleapis.com/auth/cloudplatformprojects.readonly","https://www.googleapis.com/auth/firebase","openid"]
[debug] [2021-04-16T18:28:46.136Z] >>> HTTP REQUEST POST https://www.googleapis.com/oauth2/v3/token  
 <request body omitted>
[debug] [2021-04-16T18:28:46.403Z] <<< HTTP RESPONSE 200 {"date":"Fri, 16 Apr 2021 18:28:46 GMT","pragma":"no-cache","cache-control":"no-cache, no-store, max-age=0, must-revalidate","expires":"Mon, 01 Jan 1990 00:00:00 GMT","content-type":"application/json; charset=utf-8","vary":"X-Origin, Referer, Origin,Accept-Encoding","server":"scaffolding on HTTPServer2","x-xss-protection":"0","x-frame-options":"SAMEORIGIN","x-content-type-options":"nosniff","alt-svc":"h3-29=\":443\"; ma=2592000,h3-T051=\":443\"; ma=2592000,h3-Q050=\":443\"; ma=2592000,h3-Q046=\":443\"; ma=2592000,h3-Q043=\":443\"; ma=2592000,quic=\":443\"; ma=2592000; v=\"46,43\"","accept-ranges":"none","transfer-encoding":"chunked"}
[debug] [2021-04-16T18:28:46.433Z] >>> HTTP REQUEST POST https://firebasehosting.googleapis.com/v1beta1/sites/mayank-khanna/versions  
 {"config":{},"labels":{"deployment-tool":"cli-firebase"}}
[debug] [2021-04-16T18:28:48.474Z] <<< HTTP RESPONSE 200 {"content-type":"application/json; charset=UTF-8","vary":"X-Origin, Referer, Origin,Accept-Encoding","date":"Fri, 16 Apr 2021 18:28:48 GMT","server":"ESF","cache-control":"private","x-xss-protection":"0","x-frame-options":"SAMEORIGIN","x-content-type-options":"nosniff","alt-svc":"h3-29=\":443\"; ma=2592000,h3-T051=\":443\"; ma=2592000,h3-Q050=\":443\"; ma=2592000,h3-Q046=\":443\"; ma=2592000,h3-Q043=\":443\"; ma=2592000,quic=\":443\"; ma=2592000; v=\"46,43\"","accept-ranges":"none","transfer-encoding":"chunked"}
[info] i  hosting[mayank-khanna]: beginning deploy... 
[info] i  hosting[mayank-khanna]: found 89 files in public 
[debug] [2021-04-16T18:28:48.550Z] > refreshing access token with scopes: []
[debug] [2021-04-16T18:28:48.550Z] >>> HTTP REQUEST POST https://www.googleapis.com/oauth2/v3/token  
 <request body omitted>
[debug] [2021-04-16T18:28:48.551Z] [hosting] hash cache [cHVibGlj] stored for 89 files
[debug] [2021-04-16T18:28:48.552Z] [hosting][hash queue][FINAL] {"max":43,"min":0,"avg":18.042939658759884,"active":0,"complete":89,"success":89,"errored":0,"retried":0,"total":89,"elapsed":48}
